<?xml version="1.0" encoding="UTF-8"?>
<testng-results skipped="0" failed="0" ignored="0" total="1" passed="1">
  <reporter-output>
    <line>
      <![CDATA[Edit Organization]]>
    </line>
  </reporter-output>
  <suite name="Default suite" duration-ms="15265" started-at="2021-02-11T07:47:24Z" finished-at="2021-02-11T07:47:39Z">
    <groups>
    </groups>
    <test name="Default test" duration-ms="15265" started-at="2021-02-11T07:47:24Z" finished-at="2021-02-11T07:47:39Z">
      <class name="com.orangehrm.test.OrganisationModule">
        <test-method status="PASS" signature="openBrowser()[pri:0, instance:com.orangehrm.test.OrganisationModule@685cb137]" name="openBrowser" is-config="true" duration-ms="3770" started-at="2021-02-11T07:47:24Z" finished-at="2021-02-11T07:47:27Z">
          <reporter-output>
          </reporter-output>
        </test-method> <!-- openBrowser -->
        <test-method status="PASS" signature="login()[pri:0, instance:com.orangehrm.test.OrganisationModule@685cb137]" name="login" is-config="true" duration-ms="7043" started-at="2021-02-11T07:47:27Z" finished-at="2021-02-11T07:47:34Z">
          <reporter-output>
          </reporter-output>
        </test-method> <!-- login -->
        <test-method status="PASS" signature="testEditOrganisation()[pri:0, instance:com.orangehrm.test.OrganisationModule@685cb137]" name="testEditOrganisation" duration-ms="3124" started-at="2021-02-11T07:47:34Z" finished-at="2021-02-11T07:47:38Z">
          <reporter-output>
            <line>
              <![CDATA[Edit Organization]]>
            </line>
          </reporter-output>
        </test-method> <!-- testEditOrganisation -->
        <test-method status="PASS" signature="logout()[pri:0, instance:com.orangehrm.test.OrganisationModule@685cb137]" name="logout" is-config="true" duration-ms="1168" started-at="2021-02-11T07:47:38Z" finished-at="2021-02-11T07:47:39Z">
          <reporter-output>
          </reporter-output>
        </test-method> <!-- logout -->
        <test-method status="PASS" signature="closeBrowser()[pri:0, instance:com.orangehrm.test.OrganisationModule@685cb137]" name="closeBrowser" is-config="true" duration-ms="120" started-at="2021-02-11T07:47:39Z" finished-at="2021-02-11T07:47:39Z">
          <reporter-output>
          </reporter-output>
        </test-method> <!-- closeBrowser -->
      </class> <!-- com.orangehrm.test.OrganisationModule -->
    </test> <!-- Default test -->
  </suite> <!-- Default suite -->
</testng-results>
